<?xml version="1.0" encoding="UTF-8"?>
<!-- Generated by org.testng.reporters.JUnitReportReporter -->
<testsuite hostname="DESKTOP-RSITP18" failures="0" tests="1" name="OtherProgramsTestNG.A" time="0.003" errors="0" timestamp="2023-09-27T22:32:52 IST" skipped="0">
  <testcase classname="OtherProgramsTestNG.A" name="b" time="0.003"/>
</testsuite> <!-- OtherProgramsTestNG.A -->
