<?xml version="1.0" encoding="UTF-8"?>
<!-- Generated by org.testng.reporters.JUnitReportReporter -->
<testsuite hostname="DESKTOP-RSITP18" failures="0" tests="2" name="OtherPrograms.DependsOnMethodDemo" time="0.026" errors="0" timestamp="2023-09-27T23:46:19 IST" skipped="0">
  <testcase classname="OtherPrograms.DependsOnMethodDemo" name="closeBrowser" time="0.006"/>
  <testcase classname="OtherPrograms.DependsOnMethodDemo" name="enterUrl" time="0.020"/>
</testsuite> <!-- OtherPrograms.DependsOnMethodDemo -->
