<?xml version="1.0" encoding="UTF-8"?>
<!-- Generated by org.testng.reporters.JUnitReportReporter -->
<testsuite hostname="DESKTOP-RSITP18" failures="0" tests="1" name="OtherProgramsTestNG.B" time="14.775" errors="0" timestamp="2023-09-23T02:07:08 IST" skipped="0">
  <testcase classname="OtherProgramsTestNG.B" name="scrollDownOperation" time="14.775"/>
</testsuite> <!-- OtherProgramsTestNG.B -->
