<?xml version="1.0" encoding="UTF-8"?>
<!-- Generated by org.testng.reporters.JUnitReportReporter -->
<testsuite hostname="DESKTOP-RSITP18" failures="0" tests="1" name="morningautomation.DragandDrop" time="91.642" errors="0" timestamp="2023-09-28T14:04:27 IST" skipped="0">
  <testcase classname="morningautomation.DragandDrop" name="drag" time="91.642"/>
</testsuite> <!-- morningautomation.DragandDrop -->
