<?xml version="1.0" encoding="UTF-8"?>
<!-- Generated by org.testng.reporters.JUnitReportReporter -->
<testsuite hostname="DESKTOP-RSITP18" failures="0" tests="1" name="OtherProgramsTestNG.AfterBefore2LinksOpen" time="18.197" errors="0" timestamp="2023-09-23T02:19:09 IST" skipped="0">
  <testcase classname="OtherProgramsTestNG.AfterBefore2LinksOpen" name="OpenURL2" time="18.197"/>
</testsuite> <!-- OtherProgramsTestNG.AfterBefore2LinksOpen -->
