<?xml version="1.0" encoding="UTF-8"?>
<!-- Generated by org.testng.reporters.JUnitReportReporter -->
<testsuite hostname="DESKTOP-RSITP18" failures="0" tests="1" name="OtherPrograms.HandlingTab" time="22.210" errors="0" timestamp="2023-09-28T14:04:27 IST" skipped="0">
  <testcase classname="OtherPrograms.HandlingTab" name="handlingTab" time="22.210"/>
</testsuite> <!-- OtherPrograms.HandlingTab -->
