<?xml version="1.0" encoding="UTF-8"?>
<!-- Generated by org.testng.reporters.JUnitReportReporter -->
<testsuite hostname="DESKTOP-RSITP18" failures="0" tests="2" name="OtherProgramsTestNG.DependsOnMethodDemo" time="0.019" errors="0" timestamp="2023-09-27T22:32:52 IST" skipped="0">
  <testcase classname="OtherProgramsTestNG.DependsOnMethodDemo" name="enterUrl" time="0.015"/>
  <testcase classname="OtherProgramsTestNG.DependsOnMethodDemo" name="closeBrowser" time="0.004"/>
</testsuite> <!-- OtherProgramsTestNG.DependsOnMethodDemo -->
